    Checking steadystate-backend v0.0.1 (/home/brodrigues/Documents/repos/steadystate/backend)
warning: value assigned to `final_magic_link` is never read
   --> cli/src/main.rs:254:13
    |
254 |     let mut final_magic_link = resp.magic_link.clone(); // Assuming UpResponse now has magic_...
    |             ^^^^^^^^^^^^^^^^
    |
    = help: maybe it is overwritten before being read?
    = note: `#[warn(unused_assignments)]` on by default

warning: `steadystate` (bin "steadystate") generated 1 warning
error: expected `,`, found `;`
    --> backend/src/compute/local_provider.rs:1083:3
     |
1083 | "#;, 
     |   ^ expected `,`

error: expected expression, found `,`
    --> backend/src/compute/local_provider.rs:1083:4
     |
1083 | "#;, 
     |    ^ expected expression

warning: unused import: `async_trait::async_trait`
 --> backend/src/compute/local_provider.rs:7:5
  |
7 | use async_trait::async_trait;
  |     ^^^^^^^^^^^^^^^^^^^^^^^^
  |
  = note: `#[warn(unused_imports)]` on by default

warning: unused import: `tracing::instrument`
  --> backend/src/compute/local_provider.rs:14:5
   |
14 | use tracing::instrument;
   |     ^^^^^^^^^^^^^^^^^^^

warning: unused import: `AsyncReadExt`
  --> backend/src/compute/local_provider.rs:11:45
   |
11 | use tokio::io::{AsyncBufReadExt, BufReader, AsyncReadExt};
   |                                             ^^^^^^^^^^^^

warning: unused import: `std::os::unix::fs::PermissionsExt`
  --> backend/src/compute/local_provider.rs:10:5
   |
10 | use std::os::unix::fs::PermissionsExt;
   |     ^^^^^^^^^^^^^^^^^^^^^^^^^^^^^^^^^

warning: `steadystate-backend` (lib) generated 4 warnings
error: could not compile `steadystate-backend` (lib) due to 2 previous errors; 4 warnings emitted
