    Checking steadystate-backend v0.0.1 (/home/brodrigues/Documents/repos/steadystate/backend)
warning: unused import: `PathBuf`
 --> cli/src/merge.rs:3:23
  |
3 | use std::path::{Path, PathBuf};
  |                       ^^^^^^^
  |
  = note: `#[warn(unused_imports)]` on by default

warning: unused import: `yrs::updates::encoder::Encode`
   --> cli/src/merge.rs:191:9
    |
191 |     use yrs::updates::encoder::Encode;
    |         ^^^^^^^^^^^^^^^^^^^^^^^^^^^^^

warning: value assigned to `final_magic_link` is never read
   --> cli/src/main.rs:255:13
    |
255 |     let mut final_magic_link = resp.magic_link.clone(); // Assuming UpResponse now has magic_link
    |             ^^^^^^^^^^^^^^^^
    |
    = help: maybe it is overwritten before being read?
    = note: `#[warn(unused_assignments)]` on by default

warning: unused variable: `local_update`
   --> cli/src/merge.rs:233:9
    |
233 |     let local_update = apply_diff(local)?;
    |         ^^^^^^^^^^^^ help: if this is intentional, prefix it with an underscore: `_local_update`
    |
    = note: `#[warn(unused_variables)]` on by default

warning: unused variable: `canonical_update`
   --> cli/src/merge.rs:234:9
    |
234 |     let canonical_update = apply_diff(canonical)?;
    |         ^^^^^^^^^^^^^^^^ help: if this is intentional, prefix it with an underscore: `_canonical_update`

warning: unused variable: `text`
   --> cli/src/merge.rs:238:9
    |
238 |     let text = doc.get_or_insert_text("content");
    |         ^^^^ help: if this is intentional, prefix it with an underscore: `_text`

warning: method `get` is never used
  --> cli/src/merge.rs:24:12
   |
17 | impl TreeSnapshot {
   | ----------------- method in this implementation
...
24 |     pub fn get(&self, path: &str) -> Option<&FileContent> {
   |            ^^^
   |
   = note: `#[warn(dead_code)]` on by default

warning: `steadystate` (bin "steadystate") generated 7 warnings (run `cargo fix --bin "steadystate"` to apply 2 suggestions)
